#
# A fatal error has been detected by the Java Runtime Environment:
#
#  EXCEPTION_ACCESS_VIOLATION (0xc0000005) at pc=0x00007ffa0e035231, pid=696, tid=1208
#
# JRE version: OpenJDK Runtime Environment (17.0+35) (build 17+35-2724)
# Java VM: OpenJDK 64-Bit Server VM (17+35-2724, mixed mode, sharing, tiered, compressed oops, compressed class ptrs, g1 gc, windows-amd64)
# Problematic frame:
# V  [jvm.dll+0x1d5231]
#
# No core dump will be written. Minidumps are not enabled by default on client versions of Windows
#
# If you would like to submit a bug report, please visit:
#   https://bugreport.java.com/bugreport/crash.jsp
#

---------------  S U M M A R Y ------------

Command Line: -Dmaven.multiModuleProjectDirectory=C:\Users\2093114\java_workspace\user-service -Dmaven.home=C:\Users\2093114\AppData\Local\JetBrains\IntelliJ IDEA Community Edition 2021.1\plugins\maven\lib\maven3 -Dclassworlds.conf=C:\Users\2093114\AppData\Local\JetBrains\IntelliJ IDEA Community Edition 2021.1\plugins\maven\lib\maven3\bin\m2.conf -Dmaven.ext.class.path=C:\Users\2093114\AppData\Local\JetBrains\IntelliJ IDEA Community Edition 2021.1\plugins\maven\lib\maven-event-listener.jar -javaagent:C:\Users\2093114\AppData\Local\JetBrains\IntelliJ IDEA Community Edition 2021.1\lib\idea_rt.jar=58650:C:\Users\2093114\AppData\Local\JetBrains\IntelliJ IDEA Community Edition 2021.1\bin -Dfile.encoding=UTF-8 org.codehaus.classworlds.Launcher -Didea.version=2021.1.3 install

Host: Intel(R) Core(TM) i5-10310U CPU @ 1.70GHz, 8 cores, 15G,  Windows 10 , 64 bit Build 19041 (10.0.19041.1202)
Time: Sat Oct 23 05:53:08 2021 India Standard Time elapsed time: 11.573833 seconds (0d 0h 0m 11s)

---------------  T H R E A D  ---------------

Current thread (0x00000214e1ed7ba0):  JavaThread "C1 CompilerThread0" daemon [_thread_in_vm, id=1208, stack(0x0000001798600000,0x0000001798700000)]


Current CompileTask:
C1:  11574 4351       3       jdk.internal.org.objectweb.asm.MethodWriter::computeMethodInfoSize (571 bytes)

Stack: [0x0000001798600000,0x0000001798700000],  sp=0x00000017986fe3f0,  free space=1016k
Native frames: (J=compiled Java code, j=interpreted, Vv=VM code, C=native code)
V  [jvm.dll+0x1d5231]
V  [jvm.dll+0x1c96ba]
V  [jvm.dll+0x1d3a40]
V  [jvm.dll+0x1c1f1b]
V  [jvm.dll+0x1c1ab0]
V  [jvm.dll+0x1d6520]
V  [jvm.dll+0x13b0f7]
V  [jvm.dll+0x13dee5]
V  [jvm.dll+0x13c1c4]
V  [jvm.dll+0x1361df]
V  [jvm.dll+0x145cc6]
V  [jvm.dll+0x1318d0]
V  [jvm.dll+0x131c30]
V  [jvm.dll+0x131ef6]
V  [jvm.dll+0x13138a]
V  [jvm.dll+0x133051]
V  [jvm.dll+0x2248f8]
V  [jvm.dll+0x222a5c]
V  [jvm.dll+0x78422b]
V  [jvm.dll+0x77e7ea]
V  [jvm.dll+0x66e715]
C  [ucrtbase.dll+0x21bb2]
C  [KERNEL32.DLL+0x17034]
C  [ntdll.dll+0x52651]


siginfo: EXCEPTION_ACCESS_VIOLATION (0xc0000005), reading address 0x0000000000000018


Register to memory mapping:

RIP=0x00007ffa0e035231 jvm.dll
RAX=0x0000000000000001 is an unknown value
RBX=0x00000214e430d510 points into unknown readable memory: 0x0000000000000000 | 00 00 00 00 00 00 00 00
RCX=0x00000017986fe428 is pointing into the stack for thread: 0x00000214e1ed7ba0
RDX=0x0000000800476248 is pointing into metadata
RSP=0x00000017986fe3f0 is pointing into the stack for thread: 0x00000214e1ed7ba0
RBP=0x00000017986fe4d0 is pointing into the stack for thread: 0x00000214e1ed7ba0
RSI=0x0 is NULL
RDI=0x00000214e430d4d0 points into unknown readable memory: 0x00000214e430d410 | 10 d4 30 e4 14 02 00 00
R8 =0x0000000000000001 is an unknown value
R9 =0x00000214e430d410 points into unknown readable memory: 0x00007ffa0e72cec8 | c8 ce 72 0e fa 7f 00 00
R10=0x0000000000000001 is an unknown value
R11=0x0000000000000196 is an unknown value
R12=0x0 is NULL
R13=0x00007ffa0e8e21f0 jvm.dll
R14=0x00000214e1ecaa60 points into unknown readable memory: 0x0000000000000006 | 06 00 00 00 00 00 00 00
R15=0x00000017986ff250 is pointing into the stack for thread: 0x00000214e1ed7ba0


Registers:
RAX=0x0000000000000001, RBX=0x00000214e430d510, RCX=0x00000017986fe428, RDX=0x0000000800476248
RSP=0x00000017986fe3f0, RBP=0x00000017986fe4d0, RSI=0x0000000000000000, RDI=0x00000214e430d4d0
R8 =0x0000000000000001, R9 =0x00000214e430d410, R10=0x0000000000000001, R11=0x0000000000000196
R12=0x0000000000000000, R13=0x00007ffa0e8e21f0, R14=0x00000214e1ecaa60, R15=0x00000017986ff250
RIP=0x00007ffa0e035231, EFLAGS=0x0000000000010293

Top of Stack: (sp=0x00000017986fe3f0)
0x00000017986fe3f0:   00000017986ff258 0000003b0000000c
0x00000017986fe400:   0000021400000162 0000021400000000
0x00000017986fe410:   00000214e1ed7ba0 0000000000000000
0x00000017986fe420:   00000214e44722c8 0000000800476248
0x00000017986fe430:   0000000200000001 000000000000e2ba
0x00000017986fe440:   0000000100000000 0000000800430068
0x00000017986fe450:   0000000000000000 00000008004f4b40
0x00000017986fe460:   00000214e1ed7ba0 0000000000000000
0x00000017986fe470:   00000214e3a18900 00000214e3a18900
0x00000017986fe480:   00000214e29cfee0 0000000000000000
0x00000017986fe490:   00000214beba5880 00000214e430d410
0x00000017986fe4a0:   00000214e430d430 00007ffa0e0296ba
0x00000017986fe4b0:   00000214e446a2e0 0000000000010388
0x00000017986fe4c0:   00000017986fe4d0 00000214e4470010
0x00000017986fe4d0:   0000000000000000 0000000000000000
0x00000017986fe4e0:   0000000000000000 00007ffa0e033a40 

Instructions: (pc=0x00007ffa0e035231)
0x00007ffa0e035131:   8b d0 e8 b8 e3 ff ff 48 8b 57 08 4c 8b c8 4c 8b
0x00007ffa0e035141:   c5 c6 44 24 20 00 49 8b cf e8 21 c4 fe ff 83 7c
0x00007ffa0e035151:   24 54 03 48 8b f0 0f 84 e7 00 00 00 8b 4f 10 3b
0x00007ffa0e035161:   4f 14 0f 85 b1 00 00 00 8d 41 01 85 c0 74 04 85
0x00007ffa0e035171:   c8 74 0c 0f bd c8 b8 01 00 00 00 ff c1 d3 e0 4c
0x00007ffa0e035181:   8b 47 20 ba 08 00 00 00 89 47 14 8b c8 4d 85 c0
0x00007ffa0e035191:   75 07 e8 68 17 17 00 eb 1b 41 f6 c0 01 74 10 49
0x00007ffa0e0351a1:   d1 e8 41 83 f8 19 74 ea e8 32 17 17 00 eb 05 e8
0x00007ffa0e0351b1:   ab 16 17 00 48 8b d8 33 c0 39 47 10 7e 2a 45 33
0x00007ffa0e0351c1:   c0 0f 1f 40 00 66 66 0f 1f 84 00 00 00 00 00 48
0x00007ffa0e0351d1:   8b 4f 18 4d 8d 40 08 ff c0 49 8b 54 08 f8 49 89
0x00007ffa0e0351e1:   54 18 f8 3b 47 10 7c e7 3b 47 14 7d 12 66 90 48
0x00007ffa0e0351f1:   63 c8 33 d2 ff c0 48 89 14 cb 3b 47 14 7c f0 48
0x00007ffa0e035201:   8b 4f 18 48 85 c9 74 0b f6 47 20 01 74 05 e8 ac
0x00007ffa0e035211:   4e ed ff 48 89 5f 18 eb 04 48 8b 5f 18 48 63 4f
0x00007ffa0e035221:   10 8d 41 01 89 47 10 48 89 34 cb 48 8d 4c 24 38
0x00007ffa0e035231:   48 63 46 18 45 03 64 85 00 e8 71 61 51 00 e9 ac
0x00007ffa0e035241:   fe ff ff 48 8d 4c 24 38 48 89 77 28 44 89 67 30
0x00007ffa0e035251:   e8 da 58 51 00 4c 8b ac 24 c0 00 00 00 49 83 7d
0x00007ffa0e035261:   00 00 74 18 48 8b 94 24 c8 00 00 00 49 8b ce e8
0x00007ffa0e035271:   3b 56 ed ff 49 8b cd e8 a3 55 ed ff 48 8b 84 24
0x00007ffa0e035281:   d8 00 00 00 49 89 46 18 48 8b 44 24 30 49 89 46
0x00007ffa0e035291:   20 48 8b c7 4d 89 6e 10 48 83 c4 78 41 5f 41 5e
0x00007ffa0e0352a1:   41 5d 41 5c 5f 5e 5d 5b c3 cc cc cc cc cc cc 48
0x00007ffa0e0352b1:   8b 02 4c 8b ca 4c 8b 01 4c 8b d1 48 8b 40 10 49
0x00007ffa0e0352c1:   39 40 10 75 41 4c 63 41 10 44 3b 42 10 75 37 45
0x00007ffa0e0352d1:   85 c0 7e 25 48 8b 42 18 4d 8b d8 4c 8b 41 18 33
0x00007ffa0e0352e1:   d2 4c 2b c0 48 8b 08 49 39 0c 00 75 19 48 ff c2
0x00007ffa0e0352f1:   48 83 c0 08 49 3b d3 7c eb 49 8b 41 28 49 39 42
0x00007ffa0e035301:   28 75 03 b0 01 c3 32 c0 c3 cc cc cc cc cc cc 48
0x00007ffa0e035311:   89 5c 24 10 48 89 6c 24 18 48 89 74 24 20 41 56
0x00007ffa0e035321:   48 83 ec 20 8b 69 08 48 8b d9 44 8b 71 0c 33 f6 


Stack slot to memory mapping:
stack at sp + 0 slots: 0x00000017986ff258 is pointing into the stack for thread: 0x00000214e1ed7ba0
stack at sp + 1 slots: 0x0000003b0000000c is an unknown value
stack at sp + 2 slots: 0x0000021400000162 is an unknown value
stack at sp + 3 slots: 0x0000021400000000 is an unknown value
stack at sp + 4 slots: 0x00000214e1ed7ba0 is a thread
stack at sp + 5 slots: 0x0 is NULL
stack at sp + 6 slots: 0x00000214e44722c8 points into unknown readable memory: 0x00b0ef25f31a9738 | 38 97 1a f3 25 ef b0 00
stack at sp + 7 slots: 0x0000000800476248 is pointing into metadata


---------------  P R O C E S S  ---------------

Threads class SMR info:
_java_thread_list=0x00000214e3401cf0, length=13, elements={
0x00000214beb466b0, 0x00000214e1eb72b0, 0x00000214e1eba8d0, 0x00000214e1ecaf60,
0x00000214e1eccb20, 0x00000214e1ecd6d0, 0x00000214e1ed4d40, 0x00000214e1ed6960,
0x00000214e1ed7ba0, 0x00000214e1edad40, 0x00000214e1e9e3f0, 0x00000214e2a481c0,
0x00000214e2a48ea0
}

Java Threads: ( => current thread )
  0x00000214beb466b0 JavaThread "main" [_thread_in_vm, id=13560, stack(0x0000001797800000,0x0000001797900000)]
  0x00000214e1eb72b0 JavaThread "Reference Handler" daemon [_thread_blocked, id=4400, stack(0x0000001797f00000,0x0000001798000000)]
  0x00000214e1eba8d0 JavaThread "Finalizer" daemon [_thread_blocked, id=17104, stack(0x0000001798000000,0x0000001798100000)]
  0x00000214e1ecaf60 JavaThread "Signal Dispatcher" daemon [_thread_blocked, id=2828, stack(0x0000001798100000,0x0000001798200000)]
  0x00000214e1eccb20 JavaThread "Attach Listener" daemon [_thread_blocked, id=2328, stack(0x0000001798200000,0x0000001798300000)]
  0x00000214e1ecd6d0 JavaThread "Service Thread" daemon [_thread_blocked, id=8124, stack(0x0000001798300000,0x0000001798400000)]
  0x00000214e1ed4d40 JavaThread "Monitor Deflation Thread" daemon [_thread_blocked, id=17008, stack(0x0000001798400000,0x0000001798500000)]
  0x00000214e1ed6960 JavaThread "C2 CompilerThread0" daemon [_thread_blocked, id=16896, stack(0x0000001798500000,0x0000001798600000)]
=>0x00000214e1ed7ba0 JavaThread "C1 CompilerThread0" daemon [_thread_in_vm, id=1208, stack(0x0000001798600000,0x0000001798700000)]
  0x00000214e1edad40 JavaThread "Sweeper thread" daemon [_thread_blocked, id=11216, stack(0x0000001798700000,0x0000001798800000)]
  0x00000214e1e9e3f0 JavaThread "Common-Cleaner" daemon [_thread_blocked, id=12236, stack(0x0000001798800000,0x0000001798900000)]
  0x00000214e2a481c0 JavaThread "Monitor Ctrl-Break" daemon [_thread_in_native, id=14940, stack(0x0000001798900000,0x0000001798a00000)]
  0x00000214e2a48ea0 JavaThread "Notification Thread" daemon [_thread_blocked, id=18360, stack(0x0000001798a00000,0x0000001798b00000)]

Other Threads:
  0x00000214e1eb1250 VMThread "VM Thread" [stack: 0x0000001797e00000,0x0000001797f00000] [id=5484]
  0x00000214e2aaffb0 WatcherThread [stack: 0x0000001798b00000,0x0000001798c00000] [id=976]
  0x00000214beb94b30 GCTaskThread "GC Thread#0" [stack: 0x0000001797900000,0x0000001797a00000] [id=13364]
  0x00000214e37efda0 GCTaskThread "GC Thread#1" [stack: 0x0000001798e00000,0x0000001798f00000] [id=16856]
  0x00000214e362e9b0 GCTaskThread "GC Thread#2" [stack: 0x0000001798f00000,0x0000001799000000] [id=9736]
  0x00000214e362ec60 GCTaskThread "GC Thread#3" [stack: 0x0000001799000000,0x0000001799100000] [id=17576]
  0x00000214e3682980 GCTaskThread "GC Thread#4" [stack: 0x0000001799100000,0x0000001799200000] [id=8984]
  0x00000214e35728f0 GCTaskThread "GC Thread#5" [stack: 0x0000001799200000,0x0000001799300000] [id=17956]
  0x00000214e3759ef0 GCTaskThread "GC Thread#6" [stack: 0x0000001799300000,0x0000001799400000] [id=16532]
  0x00000214e36ec760 GCTaskThread "GC Thread#7" [stack: 0x0000001799400000,0x0000001799500000] [id=14904]
  0x00000214beba4cc0 ConcurrentGCThread "G1 Main Marker" [stack: 0x0000001797a00000,0x0000001797b00000] [id=16516]
  0x00000214bd17e890 ConcurrentGCThread "G1 Conc#0" [stack: 0x0000001797b00000,0x0000001797c00000] [id=17392]
  0x00000214e1d720c0 ConcurrentGCThread "G1 Refine#0" [stack: 0x0000001797c00000,0x0000001797d00000] [id=13220]
  0x00000214e1d72ae0 ConcurrentGCThread "G1 Service" [stack: 0x0000001797d00000,0x0000001797e00000] [id=4376]

Threads with active compile tasks:
C1 CompilerThread0    11700 4351       3       jdk.internal.org.objectweb.asm.MethodWriter::computeMethodInfoSize (571 bytes)

VM state: not at safepoint (normal execution)

VM Mutex/Monitor currently owned by a thread: None

Heap address: 0x0000000703400000, size: 4044 MB, Compressed Oops mode: Zero based, Oop shift amount: 3

CDS archive(s) mapped at: [0x0000000800000000-0x0000000800bc0000-0x0000000800bc0000), size 12320768, SharedBaseAddress: 0x0000000800000000, ArchiveRelocationMode: 0.
Compressed class space mapped at: 0x0000000800c00000-0x0000000840c00000, reserved size: 1073741824
Narrow klass base: 0x0000000800000000, Narrow klass shift: 0, Narrow klass range: 0x100000000

GC Precious Log:
 CPUs: 8 total, 8 available
 Memory: 16172M
 Large Page Support: Disabled
 NUMA Support: Disabled
 Compressed Oops: Enabled (Zero based)
 Heap Region Size: 2M
 Heap Min Capacity: 8M
 Heap Initial Capacity: 254M
 Heap Max Capacity: 4044M
 Pre-touch: Disabled
 Parallel Workers: 8
 Concurrent Workers: 2
 Concurrent Refinement Workers: 8
 Periodic GC: Disabled

Heap:
 garbage-first heap   total 260096K, used 58132K [0x0000000703400000, 0x0000000800000000)
  region size 2048K, 29 young (59392K), 6 survivors (12288K)
 Metaspace       used 20915K, committed 21120K, reserved 1073152K
  class space    used 2338K, committed 2432K, reserved 1048576K

Heap Regions: E=young(eden), S=young(survivor), O=old, HS=humongous(starts), HC=humongous(continues), CS=collection set, F=free, OA=open archive, CA=closed archive, TAMS=top-at-mark-start (previous, next)
|   0|0x0000000703400000, 0x0000000703600000, 0x0000000703600000|100%| O|  |TAMS 0x0000000703400000, 0x0000000703400000| Untracked 
|   1|0x0000000703600000, 0x00000007037d6600, 0x0000000703800000| 91%| O|  |TAMS 0x0000000703600000, 0x0000000703600000| Untracked 
|   2|0x0000000703800000, 0x0000000703800000, 0x0000000703a00000|  0%| F|  |TAMS 0x0000000703800000, 0x0000000703800000| Untracked 
|   3|0x0000000703a00000, 0x0000000703a00000, 0x0000000703c00000|  0%| F|  |TAMS 0x0000000703a00000, 0x0000000703a00000| Untracked 
|   4|0x0000000703c00000, 0x0000000703c00000, 0x0000000703e00000|  0%| F|  |TAMS 0x0000000703c00000, 0x0000000703c00000| Untracked 
|   5|0x0000000703e00000, 0x0000000703e00000, 0x0000000704000000|  0%| F|  |TAMS 0x0000000703e00000, 0x0000000703e00000| Untracked 
|   6|0x0000000704000000, 0x0000000704000000, 0x0000000704200000|  0%| F|  |TAMS 0x0000000704000000, 0x0000000704000000| Untracked 
|   7|0x0000000704200000, 0x0000000704200000, 0x0000000704400000|  0%| F|  |TAMS 0x0000000704200000, 0x0000000704200000| Untracked 
|   8|0x0000000704400000, 0x0000000704400000, 0x0000000704600000|  0%| F|  |TAMS 0x0000000704400000, 0x0000000704400000| Untracked 
|   9|0x0000000704600000, 0x0000000704600000, 0x0000000704800000|  0%| F|  |TAMS 0x0000000704600000, 0x0000000704600000| Untracked 
|  10|0x0000000704800000, 0x0000000704800000, 0x0000000704a00000|  0%| F|  |TAMS 0x0000000704800000, 0x0000000704800000| Untracked 
|  11|0x0000000704a00000, 0x0000000704a00000, 0x0000000704c00000|  0%| F|  |TAMS 0x0000000704a00000, 0x0000000704a00000| Untracked 
|  12|0x0000000704c00000, 0x0000000704c00000, 0x0000000704e00000|  0%| F|  |TAMS 0x0000000704c00000, 0x0000000704c00000| Untracked 
|  13|0x0000000704e00000, 0x0000000704e00000, 0x0000000705000000|  0%| F|  |TAMS 0x0000000704e00000, 0x0000000704e00000| Untracked 
|  14|0x0000000705000000, 0x0000000705000000, 0x0000000705200000|  0%| F|  |TAMS 0x0000000705000000, 0x0000000705000000| Untracked 
|  15|0x0000000705200000, 0x0000000705200000, 0x0000000705400000|  0%| F|  |TAMS 0x0000000705200000, 0x0000000705200000| Untracked 
|  16|0x0000000705400000, 0x0000000705400000, 0x0000000705600000|  0%| F|  |TAMS 0x0000000705400000, 0x0000000705400000| Untracked 
|  17|0x0000000705600000, 0x0000000705600000, 0x0000000705800000|  0%| F|  |TAMS 0x0000000705600000, 0x0000000705600000| Untracked 
|  18|0x0000000705800000, 0x0000000705800000, 0x0000000705a00000|  0%| F|  |TAMS 0x0000000705800000, 0x0000000705800000| Untracked 
|  19|0x0000000705a00000, 0x0000000705a00000, 0x0000000705c00000|  0%| F|  |TAMS 0x0000000705a00000, 0x0000000705a00000| Untracked 
|  20|0x0000000705c00000, 0x0000000705c00000, 0x0000000705e00000|  0%| F|  |TAMS 0x0000000705c00000, 0x0000000705c00000| Untracked 
|  21|0x0000000705e00000, 0x0000000705e00000, 0x0000000706000000|  0%| F|  |TAMS 0x0000000705e00000, 0x0000000705e00000| Untracked 
|  22|0x0000000706000000, 0x0000000706000000, 0x0000000706200000|  0%| F|  |TAMS 0x0000000706000000, 0x0000000706000000| Untracked 
|  23|0x0000000706200000, 0x0000000706200000, 0x0000000706400000|  0%| F|  |TAMS 0x0000000706200000, 0x0000000706200000| Untracked 
|  24|0x0000000706400000, 0x0000000706400000, 0x0000000706600000|  0%| F|  |TAMS 0x0000000706400000, 0x0000000706400000| Untracked 
|  25|0x0000000706600000, 0x0000000706600000, 0x0000000706800000|  0%| F|  |TAMS 0x0000000706600000, 0x0000000706600000| Untracked 
|  26|0x0000000706800000, 0x0000000706800000, 0x0000000706a00000|  0%| F|  |TAMS 0x0000000706800000, 0x0000000706800000| Untracked 
|  27|0x0000000706a00000, 0x0000000706a00000, 0x0000000706c00000|  0%| F|  |TAMS 0x0000000706a00000, 0x0000000706a00000| Untracked 
|  28|0x0000000706c00000, 0x0000000706c00000, 0x0000000706e00000|  0%| F|  |TAMS 0x0000000706c00000, 0x0000000706c00000| Untracked 
|  29|0x0000000706e00000, 0x0000000706e00000, 0x0000000707000000|  0%| F|  |TAMS 0x0000000706e00000, 0x0000000706e00000| Untracked 
|  30|0x0000000707000000, 0x0000000707000000, 0x0000000707200000|  0%| F|  |TAMS 0x0000000707000000, 0x0000000707000000| Untracked 
|  31|0x0000000707200000, 0x0000000707200000, 0x0000000707400000|  0%| F|  |TAMS 0x0000000707200000, 0x0000000707200000| Untracked 
|  32|0x0000000707400000, 0x0000000707400000, 0x0000000707600000|  0%| F|  |TAMS 0x0000000707400000, 0x0000000707400000| Untracked 
|  33|0x0000000707600000, 0x0000000707600000, 0x0000000707800000|  0%| F|  |TAMS 0x0000000707600000, 0x0000000707600000| Untracked 
|  34|0x0000000707800000, 0x0000000707800000, 0x0000000707a00000|  0%| F|  |TAMS 0x0000000707800000, 0x0000000707800000| Untracked 
|  35|0x0000000707a00000, 0x0000000707a00000, 0x0000000707c00000|  0%| F|  |TAMS 0x0000000707a00000, 0x0000000707a00000| Untracked 
|  36|0x0000000707c00000, 0x0000000707c00000, 0x0000000707e00000|  0%| F|  |TAMS 0x0000000707c00000, 0x0000000707c00000| Untracked 
|  37|0x0000000707e00000, 0x0000000707e00000, 0x0000000708000000|  0%| F|  |TAMS 0x0000000707e00000, 0x0000000707e00000| Untracked 
|  38|0x0000000708000000, 0x0000000708000000, 0x0000000708200000|  0%| F|  |TAMS 0x0000000708000000, 0x0000000708000000| Untracked 
|  39|0x0000000708200000, 0x0000000708200000, 0x0000000708400000|  0%| F|  |TAMS 0x0000000708200000, 0x0000000708200000| Untracked 
|  40|0x0000000708400000, 0x0000000708400000, 0x0000000708600000|  0%| F|  |TAMS 0x0000000708400000, 0x0000000708400000| Untracked 
|  41|0x0000000708600000, 0x0000000708600000, 0x0000000708800000|  0%| F|  |TAMS 0x0000000708600000, 0x0000000708600000| Untracked 
|  42|0x0000000708800000, 0x0000000708800000, 0x0000000708a00000|  0%| F|  |TAMS 0x0000000708800000, 0x0000000708800000| Untracked 
|  43|0x0000000708a00000, 0x0000000708a00000, 0x0000000708c00000|  0%| F|  |TAMS 0x0000000708a00000, 0x0000000708a00000| Untracked 
|  44|0x0000000708c00000, 0x0000000708c00000, 0x0000000708e00000|  0%| F|  |TAMS 0x0000000708c00000, 0x0000000708c00000| Untracked 
|  45|0x0000000708e00000, 0x0000000708eeeb80, 0x0000000709000000| 46%| S|CS|TAMS 0x0000000708e00000, 0x0000000708e00000| Complete 
|  46|0x0000000709000000, 0x0000000709200000, 0x0000000709200000|100%| S|CS|TAMS 0x0000000709000000, 0x0000000709000000| Complete 
|  47|0x0000000709200000, 0x0000000709400000, 0x0000000709400000|100%| S|CS|TAMS 0x0000000709200000, 0x0000000709200000| Complete 
|  48|0x0000000709400000, 0x0000000709600000, 0x0000000709600000|100%| S|CS|TAMS 0x0000000709400000, 0x0000000709400000| Complete 
|  49|0x0000000709600000, 0x0000000709800000, 0x0000000709800000|100%| S|CS|TAMS 0x0000000709600000, 0x0000000709600000| Complete 
|  50|0x0000000709800000, 0x0000000709a00000, 0x0000000709a00000|100%| S|CS|TAMS 0x0000000709800000, 0x0000000709800000| Complete 
|  51|0x0000000709a00000, 0x0000000709a00000, 0x0000000709c00000|  0%| F|  |TAMS 0x0000000709a00000, 0x0000000709a00000| Untracked 
|  52|0x0000000709c00000, 0x0000000709c00000, 0x0000000709e00000|  0%| F|  |TAMS 0x0000000709c00000, 0x0000000709c00000| Untracked 
|  53|0x0000000709e00000, 0x0000000709e00000, 0x000000070a000000|  0%| F|  |TAMS 0x0000000709e00000, 0x0000000709e00000| Untracked 
|  54|0x000000070a000000, 0x000000070a000000, 0x000000070a200000|  0%| F|  |TAMS 0x000000070a000000, 0x000000070a000000| Untracked 
|  55|0x000000070a200000, 0x000000070a200000, 0x000000070a400000|  0%| F|  |TAMS 0x000000070a200000, 0x000000070a200000| Untracked 
|  56|0x000000070a400000, 0x000000070a400000, 0x000000070a600000|  0%| F|  |TAMS 0x000000070a400000, 0x000000070a400000| Untracked 
|  57|0x000000070a600000, 0x000000070a600000, 0x000000070a800000|  0%| F|  |TAMS 0x000000070a600000, 0x000000070a600000| Untracked 
|  58|0x000000070a800000, 0x000000070a800000, 0x000000070aa00000|  0%| F|  |TAMS 0x000000070a800000, 0x000000070a800000| Untracked 
|  59|0x000000070aa00000, 0x000000070aa00000, 0x000000070ac00000|  0%| F|  |TAMS 0x000000070aa00000, 0x000000070aa00000| Untracked 
|  60|0x000000070ac00000, 0x000000070ac00000, 0x000000070ae00000|  0%| F|  |TAMS 0x000000070ac00000, 0x000000070ac00000| Untracked 
|  61|0x000000070ae00000, 0x000000070ae00000, 0x000000070b000000|  0%| F|  |TAMS 0x000000070ae00000, 0x000000070ae00000| Untracked 
|  62|0x000000070b000000, 0x000000070b000000, 0x000000070b200000|  0%| F|  |TAMS 0x000000070b000000, 0x000000070b000000| Untracked 
|  63|0x000000070b200000, 0x000000070b200000, 0x000000070b400000|  0%| F|  |TAMS 0x000000070b200000, 0x000000070b200000| Untracked 
|  64|0x000000070b400000, 0x000000070b400000, 0x000000070b600000|  0%| F|  |TAMS 0x000000070b400000, 0x000000070b400000| Untracked 
|  65|0x000000070b600000, 0x000000070b600000, 0x000000070b800000|  0%| F|  |TAMS 0x000000070b600000, 0x000000070b600000| Untracked 
|  66|0x000000070b800000, 0x000000070b800000, 0x000000070ba00000|  0%| F|  |TAMS 0x000000070b800000, 0x000000070b800000| Untracked 
|  67|0x000000070ba00000, 0x000000070ba00000, 0x000000070bc00000|  0%| F|  |TAMS 0x000000070ba00000, 0x000000070ba00000| Untracked 
|  68|0x000000070bc00000, 0x000000070bc00000, 0x000000070be00000|  0%| F|  |TAMS 0x000000070bc00000, 0x000000070bc00000| Untracked 
|  69|0x000000070be00000, 0x000000070be00000, 0x000000070c000000|  0%| F|  |TAMS 0x000000070be00000, 0x000000070be00000| Untracked 
|  70|0x000000070c000000, 0x000000070c000000, 0x000000070c200000|  0%| F|  |TAMS 0x000000070c000000, 0x000000070c000000| Untracked 
|  71|0x000000070c200000, 0x000000070c200000, 0x000000070c400000|  0%| F|  |TAMS 0x000000070c200000, 0x000000070c200000| Untracked 
|  72|0x000000070c400000, 0x000000070c400000, 0x000000070c600000|  0%| F|  |TAMS 0x000000070c400000, 0x000000070c400000| Untracked 
|  73|0x000000070c600000, 0x000000070c600000, 0x000000070c800000|  0%| F|  |TAMS 0x000000070c600000, 0x000000070c600000| Untracked 
|  74|0x000000070c800000, 0x000000070c800000, 0x000000070ca00000|  0%| F|  |TAMS 0x000000070c800000, 0x000000070c800000| Untracked 
|  75|0x000000070ca00000, 0x000000070ca00000, 0x000000070cc00000|  0%| F|  |TAMS 0x000000070ca00000, 0x000000070ca00000| Untracked 
|  76|0x000000070cc00000, 0x000000070cc00000, 0x000000070ce00000|  0%| F|  |TAMS 0x000000070cc00000, 0x000000070cc00000| Untracked 
|  77|0x000000070ce00000, 0x000000070ce00000, 0x000000070d000000|  0%| F|  |TAMS 0x000000070ce00000, 0x000000070ce00000| Untracked 
|  78|0x000000070d000000, 0x000000070d000000, 0x000000070d200000|  0%| F|  |TAMS 0x000000070d000000, 0x000000070d000000| Untracked 
|  79|0x000000070d200000, 0x000000070d200000, 0x000000070d400000|  0%| F|  |TAMS 0x000000070d200000, 0x000000070d200000| Untracked 
|  80|0x000000070d400000, 0x000000070d400000, 0x000000070d600000|  0%| F|  |TAMS 0x000000070d400000, 0x000000070d400000| Untracked 
|  81|0x000000070d600000, 0x000000070d600000, 0x000000070d800000|  0%| F|  |TAMS 0x000000070d600000, 0x000000070d600000| Untracked 
|  82|0x000000070d800000, 0x000000070d800000, 0x000000070da00000|  0%| F|  |TAMS 0x000000070d800000, 0x000000070d800000| Untracked 
|  83|0x000000070da00000, 0x000000070da00000, 0x000000070dc00000|  0%| F|  |TAMS 0x000000070da00000, 0x000000070da00000| Untracked 
|  84|0x000000070dc00000, 0x000000070dc00000, 0x000000070de00000|  0%| F|  |TAMS 0x000000070dc00000, 0x000000070dc00000| Untracked 
|  85|0x000000070de00000, 0x000000070de00000, 0x000000070e000000|  0%| F|  |TAMS 0x000000070de00000, 0x000000070de00000| Untracked 
|  86|0x000000070e000000, 0x000000070e000000, 0x000000070e200000|  0%| F|  |TAMS 0x000000070e000000, 0x000000070e000000| Untracked 
|  87|0x000000070e200000, 0x000000070e200000, 0x000000070e400000|  0%| F|  |TAMS 0x000000070e200000, 0x000000070e200000| Untracked 
|  88|0x000000070e400000, 0x000000070e400000, 0x000000070e600000|  0%| F|  |TAMS 0x000000070e400000, 0x000000070e400000| Untracked 
|  89|0x000000070e600000, 0x000000070e600000, 0x000000070e800000|  0%| F|  |TAMS 0x000000070e600000, 0x000000070e600000| Untracked 
|  90|0x000000070e800000, 0x000000070e800000, 0x000000070ea00000|  0%| F|  |TAMS 0x000000070e800000, 0x000000070e800000| Untracked 
|  91|0x000000070ea00000, 0x000000070ea00000, 0x000000070ec00000|  0%| F|  |TAMS 0x000000070ea00000, 0x000000070ea00000| Untracked 
|  92|0x000000070ec00000, 0x000000070ec00000, 0x000000070ee00000|  0%| F|  |TAMS 0x000000070ec00000, 0x000000070ec00000| Untracked 
|  93|0x000000070ee00000, 0x000000070ee00000, 0x000000070f000000|  0%| F|  |TAMS 0x000000070ee00000, 0x000000070ee00000| Untracked 
|  94|0x000000070f000000, 0x000000070f000000, 0x000000070f200000|  0%| F|  |TAMS 0x000000070f000000, 0x000000070f000000| Untracked 
|  95|0x000000070f200000, 0x000000070f200000, 0x000000070f400000|  0%| F|  |TAMS 0x000000070f200000, 0x000000070f200000| Untracked 
|  96|0x000000070f400000, 0x000000070f400000, 0x000000070f600000|  0%| F|  |TAMS 0x000000070f400000, 0x000000070f400000| Untracked 
|  97|0x000000070f600000, 0x000000070f600000, 0x000000070f800000|  0%| F|  |TAMS 0x000000070f600000, 0x000000070f600000| Untracked 
|  98|0x000000070f800000, 0x000000070f800000, 0x000000070fa00000|  0%| F|  |TAMS 0x000000070f800000, 0x000000070f800000| Untracked 
|  99|0x000000070fa00000, 0x000000070fa00000, 0x000000070fc00000|  0%| F|  |TAMS 0x000000070fa00000, 0x000000070fa00000| Untracked 
| 100|0x000000070fc00000, 0x000000070fc00000, 0x000000070fe00000|  0%| F|  |TAMS 0x000000070fc00000, 0x000000070fc00000| Untracked 
| 101|0x000000070fe00000, 0x000000070fe00000, 0x0000000710000000|  0%| F|  |TAMS 0x000000070fe00000, 0x000000070fe00000| Untracked 
| 102|0x0000000710000000, 0x0000000710000000, 0x0000000710200000|  0%| F|  |TAMS 0x0000000710000000, 0x0000000710000000| Untracked 
| 103|0x0000000710200000, 0x0000000710200000, 0x0000000710400000|  0%| F|  |TAMS 0x0000000710200000, 0x0000000710200000| Untracked 
| 104|0x0000000710400000, 0x0000000710600000, 0x0000000710600000|100%| E|  |TAMS 0x0000000710400000, 0x0000000710400000| Complete 
| 105|0x0000000710600000, 0x0000000710800000, 0x0000000710800000|100%| E|CS|TAMS 0x0000000710600000, 0x0000000710600000| Complete 
| 106|0x0000000710800000, 0x0000000710a00000, 0x0000000710a00000|100%| E|CS|TAMS 0x0000000710800000, 0x0000000710800000| Complete 
| 107|0x0000000710a00000, 0x0000000710c00000, 0x0000000710c00000|100%| E|CS|TAMS 0x0000000710a00000, 0x0000000710a00000| Complete 
| 108|0x0000000710c00000, 0x0000000710e00000, 0x0000000710e00000|100%| E|CS|TAMS 0x0000000710c00000, 0x0000000710c00000| Complete 
| 109|0x0000000710e00000, 0x0000000711000000, 0x0000000711000000|100%| E|CS|TAMS 0x0000000710e00000, 0x0000000710e00000| Complete 
| 110|0x0000000711000000, 0x0000000711200000, 0x0000000711200000|100%| E|CS|TAMS 0x0000000711000000, 0x0000000711000000| Complete 
| 111|0x0000000711200000, 0x0000000711400000, 0x0000000711400000|100%| E|  |TAMS 0x0000000711200000, 0x0000000711200000| Complete 
| 112|0x0000000711400000, 0x0000000711600000, 0x0000000711600000|100%| E|CS|TAMS 0x0000000711400000, 0x0000000711400000| Complete 
| 113|0x0000000711600000, 0x0000000711800000, 0x0000000711800000|100%| E|CS|TAMS 0x0000000711600000, 0x0000000711600000| Complete 
| 114|0x0000000711800000, 0x0000000711a00000, 0x0000000711a00000|100%| E|CS|TAMS 0x0000000711800000, 0x0000000711800000| Complete 
| 115|0x0000000711a00000, 0x0000000711c00000, 0x0000000711c00000|100%| E|CS|TAMS 0x0000000711a00000, 0x0000000711a00000| Complete 
| 116|0x0000000711c00000, 0x0000000711e00000, 0x0000000711e00000|100%| E|CS|TAMS 0x0000000711c00000, 0x0000000711c00000| Complete 
| 117|0x0000000711e00000, 0x0000000712000000, 0x0000000712000000|100%| E|CS|TAMS 0x0000000711e00000, 0x0000000711e00000| Complete 
| 118|0x0000000712000000, 0x0000000712200000, 0x0000000712200000|100%| E|CS|TAMS 0x0000000712000000, 0x0000000712000000| Complete 
| 119|0x0000000712200000, 0x0000000712400000, 0x0000000712400000|100%| E|CS|TAMS 0x0000000712200000, 0x0000000712200000| Complete 
| 120|0x0000000712400000, 0x0000000712600000, 0x0000000712600000|100%| E|CS|TAMS 0x0000000712400000, 0x0000000712400000| Complete 
| 121|0x0000000712600000, 0x0000000712800000, 0x0000000712800000|100%| E|CS|TAMS 0x0000000712600000, 0x0000000712600000| Complete 
| 122|0x0000000712800000, 0x0000000712a00000, 0x0000000712a00000|100%| E|CS|TAMS 0x0000000712800000, 0x0000000712800000| Complete 
| 123|0x0000000712a00000, 0x0000000712c00000, 0x0000000712c00000|100%| E|CS|TAMS 0x0000000712a00000, 0x0000000712a00000| Complete 
| 124|0x0000000712c00000, 0x0000000712e00000, 0x0000000712e00000|100%| E|CS|TAMS 0x0000000712c00000, 0x0000000712c00000| Complete 
| 125|0x0000000712e00000, 0x0000000713000000, 0x0000000713000000|100%| E|CS|TAMS 0x0000000712e00000, 0x0000000712e00000| Complete 
| 126|0x0000000713000000, 0x0000000713200000, 0x0000000713200000|100%| E|CS|TAMS 0x0000000713000000, 0x0000000713000000| Complete 

Card table byte_map: [0x00000214d65c0000,0x00000214d6db0000] _byte_map_base: 0x00000214d2da6000

Marking Bits (Prev, Next): (CMBitMap*) 0x00000214bd17c0a0, (CMBitMap*) 0x00000214bd17c0e0
 Prev Bits: [0x00000214d75a0000, 0x00000214db4d0000)
 Next Bits: [0x00000214db4d0000, 0x00000214df400000)

Polling page: 0x00000214bd2f0000

Metaspace:

Usage:
  Non-class:     18.34 MB used.
      Class:      2.32 MB used.
       Both:     20.66 MB used.

Virtual space:
  Non-class space:       24.00 MB reserved,      18.44 MB ( 77%) committed,  3 nodes.
      Class space:        1.00 GB reserved,       2.44 MB ( <1%) committed,  1 nodes.
             Both:        1.02 GB reserved,      20.88 MB (  2%) committed. 

Chunk freelists:
   Non-Class:  1.58 MB
       Class:  1.45 MB
        Both:  3.02 MB

MaxMetaspaceSize: unlimited
CompressedClassSpaceSize: 1.00 GB
Initial GC threshold: 21.00 MB
Current GC threshold: 21.00 MB
CDS: on
MetaspaceReclaimPolicy: balanced
 - commit_granule_bytes: 65536.
 - commit_granule_words: 8192.
 - virtual_space_node_default_size: 1048576.
 - enlarge_chunks_in_place: 1.
 - new_chunks_are_fully_committed: 0.
 - uncommit_free_chunks: 1.
 - use_allocation_guard: 0.
 - handle_deallocations: 1.


Internal statistics:

num_allocs_failed_limit: 0.
num_arena_births: 130.
num_arena_deaths: 0.
num_vsnodes_births: 4.
num_vsnodes_deaths: 0.
num_space_committed: 334.
num_space_uncommitted: 0.
num_chunks_returned_to_freelist: 0.
num_chunks_taken_from_freelist: 880.
num_chunk_merges: 0.
num_chunk_splits: 606.
num_chunks_enlarged: 470.
num_purges: 0.
num_inconsistent_stats: 0.

CodeHeap 'non-profiled nmethods': size=120000Kb used=2607Kb max_used=2607Kb free=117392Kb
 bounds [0x00000214cde30000, 0x00000214ce0c0000, 0x00000214d5360000]
CodeHeap 'profiled nmethods': size=120000Kb used=9233Kb max_used=9233Kb free=110766Kb
 bounds [0x00000214c6900000, 0x00000214c7210000, 0x00000214cde30000]
CodeHeap 'non-nmethods': size=5760Kb used=1190Kb max_used=1247Kb free=4569Kb
 bounds [0x00000214c6360000, 0x00000214c65d0000, 0x00000214c6900000]
 total_blobs=4835 nmethods=4347 adapters=400
 compilation: enabled
              stopped_count=0, restarted_count=0
 full_count=0

Compilation events (20 events):
Event: 11.548 Thread 0x00000214e1ed7ba0 4345       3       java.nio.DirectByteBufferR::<init> (25 bytes)
Event: 11.548 Thread 0x00000214e1ed6960 nmethod 4342 0x00000214ce0b6990 code [0x00000214ce0b6b80, 0x00000214ce0b8578]
Event: 11.548 Thread 0x00000214e1ed6960 4344       4       jdk.internal.jimage.BasicImageReader::match (37 bytes)
Event: 11.548 Thread 0x00000214e1ed7ba0 nmethod 4345 0x00000214c71fc110 code [0x00000214c71fc2a0, 0x00000214c71fc428]
Event: 11.551 Thread 0x00000214e1ed6960 nmethod 4344 0x00000214ce0b8f90 code [0x00000214ce0b9140, 0x00000214ce0b9528]
Event: 11.552 Thread 0x00000214e1ed7ba0 4346   !   3       jdk.internal.jimage.BasicImageReader::readBuffer (238 bytes)
Event: 11.553 Thread 0x00000214e1ed7ba0 nmethod 4346 0x00000214c71fc510 code [0x00000214c71fc800, 0x00000214c71fd578]
Event: 11.554 Thread 0x00000214e1ed7ba0 4347       3       java.lang.invoke.MethodHandleNatives::refKindIsMethod (19 bytes)
Event: 11.554 Thread 0x00000214e1ed7ba0 nmethod 4347 0x00000214c71fda90 code [0x00000214c71fdc40, 0x00000214c71fde98]
Event: 11.555 Thread 0x00000214e1ed7ba0 4348       3       jdk.internal.org.objectweb.asm.MethodVisitor::<init> (7 bytes)
Event: 11.555 Thread 0x00000214e1ed7ba0 nmethod 4348 0x00000214c71fdf90 code [0x00000214c71fe140, 0x00000214c71fe288]
Event: 11.555 Thread 0x00000214e1ed7ba0 4353       3       jdk.internal.org.objectweb.asm.MethodWriter::putMethodInfo (1274 bytes)
Event: 11.557 Thread 0x00000214e1ed7ba0 nmethod 4353 0x00000214c71fe310 code [0x00000214c71fe9e0, 0x00000214c7201348]
Event: 11.557 Thread 0x00000214e1ed7ba0 4354       3       jdk.internal.org.objectweb.asm.MethodWriter::<init> (232 bytes)
Event: 11.558 Thread 0x00000214e1ed7ba0 nmethod 4354 0x00000214c7202610 code [0x00000214c72028a0, 0x00000214c7203678]
Event: 11.558 Thread 0x00000214e1ed7ba0 4349       3       jdk.internal.org.objectweb.asm.MethodWriter::visitMaxs (60 bytes)
Event: 11.558 Thread 0x00000214e1ed7ba0 nmethod 4349 0x00000214c7203b90 code [0x00000214c7203d60, 0x00000214c7204038]
Event: 11.558 Thread 0x00000214e1ed7ba0 4350       3       jdk.internal.org.objectweb.asm.MethodWriter::visitEnd (1 bytes)
Event: 11.558 Thread 0x00000214e1ed7ba0 nmethod 4350 0x00000214c7204110 code [0x00000214c72042a0, 0x00000214c72043b8]
Event: 11.558 Thread 0x00000214e1ed7ba0 4351       3       jdk.internal.org.objectweb.asm.MethodWriter::computeMethodInfoSize (571 bytes)

GC Heap History (6 events):
Event: 1.868 GC heap before
{Heap before GC invocations=0 (full 0):
 garbage-first heap   total 260096K, used 22528K [0x0000000703400000, 0x0000000800000000)
  region size 2048K, 11 young (22528K), 0 survivors (0K)
 Metaspace       used 5814K, committed 6016K, reserved 1056768K
  class space    used 660K, committed 768K, reserved 1048576K
}
Event: 1.900 GC heap after
{Heap after GC invocations=1 (full 0):
 garbage-first heap   total 260096K, used 4160K [0x0000000703400000, 0x0000000800000000)
  region size 2048K, 2 young (4096K), 2 survivors (4096K)
 Metaspace       used 5814K, committed 6016K, reserved 1056768K
  class space    used 660K, committed 768K, reserved 1048576K
}
Event: 2.973 GC heap before
{Heap before GC invocations=1 (full 0):
 garbage-first heap   total 260096K, used 28736K [0x0000000703400000, 0x0000000800000000)
  region size 2048K, 15 young (30720K), 2 survivors (4096K)
 Metaspace       used 9614K, committed 9728K, reserved 1064960K
  class space    used 1148K, committed 1216K, reserved 1048576K
}
Event: 2.977 GC heap after
{Heap after GC invocations=2 (full 0):
 garbage-first heap   total 260096K, used 5699K [0x0000000703400000, 0x0000000800000000)
  region size 2048K, 1 young (2048K), 1 survivors (2048K)
 Metaspace       used 9614K, committed 9728K, reserved 1064960K
  class space    used 1148K, committed 1216K, reserved 1048576K
}
Event: 10.896 GC heap before
{Heap before GC invocations=2 (full 0):
 garbage-first heap   total 260096K, used 159299K [0x0000000703400000, 0x0000000800000000)
  region size 2048K, 76 young (155648K), 1 survivors (2048K)
 Metaspace       used 17108K, committed 17472K, reserved 1064960K
  class space    used 1883K, committed 2048K, reserved 1048576K
}
Event: 10.905 GC heap after
{Heap after GC invocations=3 (full 0):
 garbage-first heap   total 260096K, used 15124K [0x0000000703400000, 0x0000000800000000)
  region size 2048K, 6 young (12288K), 6 survivors (12288K)
 Metaspace       used 17108K, committed 17472K, reserved 1064960K
  class space    used 1883K, committed 2048K, reserved 1048576K
}

Deoptimization events (20 events):
Event: 10.744 Thread 0x00000214beb466b0 Uncommon trap: trap_request=0xffffffc6 fr.pc=0x00000214ce008e0c relative=0x0000000000000a0c
Event: 10.744 Thread 0x00000214beb466b0 Uncommon trap: reason=bimorphic_or_optimized_type_check action=maybe_recompile pc=0x00000214ce008e0c method=java.util.regex.Pattern$Start.match(Ljava/util/regex/Matcher;ILjava/lang/CharSequence;)Z @ 44 c2
Event: 10.744 Thread 0x00000214beb466b0 DEOPT PACKING pc=0x00000214ce008e0c sp=0x00000017978fc0d0
Event: 10.744 Thread 0x00000214beb466b0 DEOPT UNPACKING pc=0x00000214c63b23a3 sp=0x00000017978fc090 mode 2
Event: 10.744 Thread 0x00000214beb466b0 Uncommon trap: trap_request=0xffffffc6 fr.pc=0x00000214ce008e0c relative=0x0000000000000a0c
Event: 10.744 Thread 0x00000214beb466b0 Uncommon trap: reason=bimorphic_or_optimized_type_check action=maybe_recompile pc=0x00000214ce008e0c method=java.util.regex.Pattern$Start.match(Ljava/util/regex/Matcher;ILjava/lang/CharSequence;)Z @ 44 c2
Event: 10.744 Thread 0x00000214beb466b0 DEOPT PACKING pc=0x00000214ce008e0c sp=0x00000017978fc0e0
Event: 10.744 Thread 0x00000214beb466b0 DEOPT UNPACKING pc=0x00000214c63b23a3 sp=0x00000017978fc0a0 mode 2
Event: 10.756 Thread 0x00000214beb466b0 Uncommon trap: trap_request=0xffffff45 fr.pc=0x00000214ce0234d8 relative=0x0000000000000238
Event: 10.756 Thread 0x00000214beb466b0 Uncommon trap: reason=unstable_if action=reinterpret pc=0x00000214ce0234d8 method=java.util.regex.Matcher.search(I)Z @ 30 c2
Event: 10.756 Thread 0x00000214beb466b0 DEOPT PACKING pc=0x00000214ce0234d8 sp=0x00000017978fc160
Event: 10.756 Thread 0x00000214beb466b0 DEOPT UNPACKING pc=0x00000214c63b23a3 sp=0x00000017978fc0f0 mode 2
Event: 11.039 Thread 0x00000214beb466b0 Uncommon trap: trap_request=0xffffff45 fr.pc=0x00000214cdedbe40 relative=0x0000000000000420
Event: 11.039 Thread 0x00000214beb466b0 Uncommon trap: reason=unstable_if action=reinterpret pc=0x00000214cdedbe40 method=java.util.jar.Manifest$FastInputStream.readLine([BII)I @ 90 c2
Event: 11.039 Thread 0x00000214beb466b0 DEOPT PACKING pc=0x00000214cdedbe40 sp=0x00000017978fc9e0
Event: 11.039 Thread 0x00000214beb466b0 DEOPT UNPACKING pc=0x00000214c63b23a3 sp=0x00000017978fc970 mode 2
Event: 11.411 Thread 0x00000214beb466b0 Uncommon trap: trap_request=0xffffff45 fr.pc=0x00000214ce0a7e74 relative=0x0000000000000594
Event: 11.411 Thread 0x00000214beb466b0 Uncommon trap: reason=unstable_if action=reinterpret pc=0x00000214ce0a7e74 method=java.util.regex.Pattern$Start.match(Ljava/util/regex/Matcher;ILjava/lang/CharSequence;)Z @ 10 c2
Event: 11.411 Thread 0x00000214beb466b0 DEOPT PACKING pc=0x00000214ce0a7e74 sp=0x00000017978fceb0
Event: 11.411 Thread 0x00000214beb466b0 DEOPT UNPACKING pc=0x00000214c63b23a3 sp=0x00000017978fce70 mode 2

Classes unloaded (0 events):
No events

Classes redefined (0 events):
No events

Internal exceptions (20 events):
Event: 0.416 Thread 0x00000214e2a481c0 Exception <a 'java/lang/NoSuchMethodError'{0x0000000712e83758}: 'void java.lang.invoke.DirectMethodHandle$Holder.invokeStatic(java.lang.Object, java.lang.Object)'> (0x0000000712e83758) 
thrown [t:\workspace\open\src\hotspot\share\interpreter\linkResolver.cpp, line 766]
Event: 0.705 Thread 0x00000214beb466b0 Exception <a 'java/lang/NoSuchMethodError'{0x0000000712d91cc8}: 'java.lang.Object java.lang.invoke.DirectMethodHandle$Holder.invokeStaticInit(java.lang.Object, int, int, int, int)'> (0x0000000712d91cc8) 
thrown [t:\workspace\open\src\hotspot\share\interpreter\linkResolver.cpp, line 766]
Event: 0.785 Thread 0x00000214beb466b0 Exception <a 'java/lang/NoSuchMethodError'{0x0000000712a087f8}: 'java.lang.Object java.lang.invoke.DirectMethodHandle$Holder.invokeStaticInit(java.lang.Object, java.lang.Object, int, int, int, int)'> (0x0000000712a087f8) 
thrown [t:\workspace\open\src\hotspot\share\interpreter\linkResolver.cpp, line 766]
Event: 1.585 Thread 0x00000214beb466b0 Exception <a 'java/lang/NoSuchMethodError'{0x00000007121be378}: 'java.lang.Object java.lang.invoke.DirectMethodHandle$Holder.newInvokeSpecial(java.lang.Object, java.lang.Object, java.lang.Object, java.lang.Object, java.lang.Object)'> (0x00000007121be378) 
thrown [t:\workspace\open\src\hotspot\share\interpreter\linkResolver.cpp, line 766]
Event: 3.232 Thread 0x00000214beb466b0 Exception <a 'java/lang/NoClassDefFoundError'{0x0000000712ba02f8}: com/google/inject/servlet/ServletModuleTargetVisitor> (0x0000000712ba02f8) 
thrown [t:\workspace\open\src\hotspot\share\classfile\systemDictionary.cpp, line 245]
Event: 3.232 Thread 0x00000214beb466b0 Exception <a 'java/lang/NoClassDefFoundError'{0x0000000712ba1fa0}: javax/annotation/Priority> (0x0000000712ba1fa0) 
thrown [t:\workspace\open\src\hotspot\share\classfile\systemDictionary.cpp, line 245]
Event: 3.561 Thread 0x00000214beb466b0 Implicit null exception at 0x00000214cde5eb72 to 0x00000214cde5f1cc
Event: 3.561 Thread 0x00000214beb466b0 Implicit null exception at 0x00000214cde5fef2 to 0x00000214cde6056c
Event: 6.621 Thread 0x00000214beb466b0 Implicit null exception at 0x00000214cdec6b10 to 0x00000214cdec6f48
Event: 6.621 Thread 0x00000214beb466b0 Implicit null exception at 0x00000214cdee966f to 0x00000214cdee983c
Event: 6.621 Thread 0x00000214beb466b0 Implicit null exception at 0x00000214cdec3e0f to 0x00000214cdec3e89
Event: 8.935 Thread 0x00000214beb466b0 Implicit null exception at 0x00000214ce01ed20 to 0x00000214ce01f710
Event: 10.858 Thread 0x00000214beb466b0 Exception <a 'java/lang/NoSuchMethodError'{0x0000000709b9a6c8}: 'void java.lang.invoke.DirectMethodHandle$Holder.invokeSpecial(java.lang.Object, java.lang.Object, java.lang.Object)'> (0x0000000709b9a6c8) 
thrown [t:\workspace\open\src\hotspot\share\interpreter\linkResolver.cpp, line 766]
Event: 10.894 Thread 0x00000214beb466b0 Exception <a 'java/lang/NoSuchMethodError'{0x0000000709bf60b0}: 'java.lang.Object java.lang.invoke.DirectMethodHandle$Holder.invokeVirtual(java.lang.Object, java.lang.Object, java.lang.Object)'> (0x0000000709bf60b0) 
thrown [t:\workspace\open\src\hotspot\share\interpreter\linkResolver.cpp, line 766]
Event: 10.896 Thread 0x00000214beb466b0 Exception <a 'java/lang/NoSuchMethodError'{0x0000000709bfdd10}: 'int java.lang.invoke.DirectMethodHandle$Holder.invokeInterface(java.lang.Object, java.lang.Object)'> (0x0000000709bfdd10) 
thrown [t:\workspace\open\src\hotspot\share\interpreter\linkResolver.cpp, line 766]
Event: 11.420 Thread 0x00000214beb466b0 Exception <a 'sun/nio/fs/WindowsException'{0x00000007107f47e8}> (0x00000007107f47e8) 
thrown [t:\workspace\open\src\hotspot\share\prims\jni.cpp, line 516]
Event: 11.420 Thread 0x00000214beb466b0 Exception <a 'sun/nio/fs/WindowsException'{0x00000007107f4ab8}> (0x00000007107f4ab8) 
thrown [t:\workspace\open\src\hotspot\share\prims\jni.cpp, line 516]
Event: 11.428 Thread 0x00000214beb466b0 Exception <a 'java/lang/NoSuchMethodError'{0x00000007104030f0}: 'int java.lang.invoke.DirectMethodHandle$Holder.invokeVirtual(java.lang.Object, java.lang.Object, java.lang.Object)'> (0x00000007104030f0) 
thrown [t:\workspace\open\src\hotspot\share\interpreter\linkResolver.cpp, line 766]
Event: 11.428 Thread 0x00000214beb466b0 Exception <a 'java/lang/NoSuchMethodError'{0x00000007104099c0}: 'void java.lang.invoke.DirectMethodHandle$Holder.invokeInterface(java.lang.Object, java.lang.Object, java.lang.Object)'> (0x00000007104099c0) 
thrown [t:\workspace\open\src\hotspot\share\interpreter\linkResolver.cpp, line 766]
Event: 11.564 Thread 0x00000214beb466b0 Exception <a 'java/lang/NoSuchMethodError'{0x0000000710513aa8}: 'int java.lang.invoke.DirectMethodHandle$Holder.invokeStaticInit(java.lang.Object, java.lang.Object)'> (0x0000000710513aa8) 
thrown [t:\workspace\open\src\hotspot\share\interpreter\linkResolver.cpp, line 766]

VM Operations (20 events):
Event: 5.971 Executing VM operation: HandshakeAllThreads
Event: 5.971 Executing VM operation: HandshakeAllThreads done
Event: 6.623 Executing VM operation: ICBufferFull
Event: 6.623 Executing VM operation: ICBufferFull done
Event: 7.635 Executing VM operation: Cleanup
Event: 7.636 Executing VM operation: Cleanup done
Event: 8.637 Executing VM operation: Cleanup
Event: 8.637 Executing VM operation: Cleanup done
Event: 8.954 Executing VM operation: HandshakeAllThreads
Event: 8.954 Executing VM operation: HandshakeAllThreads done
Event: 9.955 Executing VM operation: Cleanup
Event: 9.955 Executing VM operation: Cleanup done
Event: 10.631 Executing VM operation: HandshakeAllThreads
Event: 10.631 Executing VM operation: HandshakeAllThreads done
Event: 10.893 Executing VM operation: HandshakeAllThreads
Event: 10.893 Executing VM operation: HandshakeAllThreads done
Event: 10.896 Executing VM operation: G1CollectForAllocation
Event: 10.905 Executing VM operation: G1CollectForAllocation done
Event: 11.421 Executing VM operation: HandshakeAllThreads
Event: 11.421 Executing VM operation: HandshakeAllThreads done

Events (20 events):
Event: 11.425 loading class java/util/stream/Node$OfPrimitive
Event: 11.425 loading class java/util/stream/Node$OfPrimitive done
Event: 11.425 loading class java/util/stream/Node$OfInt done
Event: 11.426 loading class java/util/stream/Nodes$EmptyNode$OfInt done
Event: 11.426 loading class java/util/stream/Nodes$EmptyNode$OfLong
Event: 11.426 loading class java/util/stream/Node$OfLong
Event: 11.426 loading class java/util/stream/Node$OfLong done
Event: 11.426 loading class java/util/stream/Nodes$EmptyNode$OfLong done
Event: 11.426 loading class java/util/stream/Nodes$EmptyNode$OfDouble
Event: 11.426 loading class java/util/stream/Node$OfDouble
Event: 11.426 loading class java/util/stream/Node$OfDouble done
Event: 11.426 loading class java/util/stream/Nodes$EmptyNode$OfDouble done
Event: 11.426 loading class java/util/stream/Nodes$FixedNodeBuilder
Event: 11.426 loading class java/util/stream/Node$Builder
Event: 11.426 loading class java/util/stream/Node$Builder done
Event: 11.427 loading class java/util/stream/Nodes$ArrayNode
Event: 11.427 loading class java/util/stream/Nodes$ArrayNode done
Event: 11.427 loading class java/util/stream/Nodes$FixedNodeBuilder done
Event: 11.462 loading class java/nio/file/ClosedFileSystemException
Event: 11.462 loading class java/nio/file/ClosedFileSystemException done


Dynamic libraries:
0x00007ff6a8ae0000 - 0x00007ff6a8aee000 	C:\Users\2093114\.jdks\openjdk-17\bin\java.exe
0x00007ffa88b70000 - 0x00007ffa88d65000 	C:\Windows\SYSTEM32\ntdll.dll
0x00007ffa86c60000 - 0x00007ffa86d1e000 	C:\Windows\System32\KERNEL32.DLL
0x00007ffa868a0000 - 0x00007ffa86b69000 	C:\Windows\System32\KERNELBASE.dll
0x00007ffa865b0000 - 0x00007ffa866b0000 	C:\Windows\System32\ucrtbase.dll
0x00007ffa742e0000 - 0x00007ffa742fa000 	C:\Users\2093114\.jdks\openjdk-17\bin\VCRUNTIME140.dll
0x00007ffa74290000 - 0x00007ffa742a8000 	C:\Users\2093114\.jdks\openjdk-17\bin\jli.dll
0x00007ffa86e30000 - 0x00007ffa86fd1000 	C:\Windows\System32\USER32.dll
0x00007ffa84770000 - 0x00007ffa84a0a000 	C:\Windows\WinSxS\amd64_microsoft.windows.common-controls_6595b64144ccf1df_6.0.19041.1110_none_60b5254171f9507e\COMCTL32.dll
0x00007ffa86370000 - 0x00007ffa86392000 	C:\Windows\System32\win32u.dll
0x00007ffa88a00000 - 0x00007ffa88a9e000 	C:\Windows\System32\msvcrt.dll
0x00007ffa87d40000 - 0x00007ffa87d6b000 	C:\Windows\System32\GDI32.dll
0x00007ffa86440000 - 0x00007ffa8654b000 	C:\Windows\System32\gdi32full.dll
0x00007ffa863a0000 - 0x00007ffa8643d000 	C:\Windows\System32\msvcp_win.dll
0x00007ffa888d0000 - 0x00007ffa88900000 	C:\Windows\System32\IMM32.DLL
0x00000214beb00000 - 0x00000214beb13000 	C:\Windows\System32\umppc14303.dll
0x00007ffa763b0000 - 0x00007ffa763bc000 	C:\Users\2093114\.jdks\openjdk-17\bin\vcruntime140_1.dll
0x00007ffa72a60000 - 0x00007ffa72aed000 	C:\Users\2093114\.jdks\openjdk-17\bin\msvcp140.dll
0x00007ffa0de60000 - 0x00007ffa0ea1e000 	C:\Users\2093114\.jdks\openjdk-17\bin\server\jvm.dll
0x00007ffa86d20000 - 0x00007ffa86dcc000 	C:\Windows\System32\ADVAPI32.dll
0x00007ffa87a50000 - 0x00007ffa87aeb000 	C:\Windows\System32\sechost.dll
0x00007ffa87d70000 - 0x00007ffa87e9a000 	C:\Windows\System32\RPCRT4.dll
0x00007ffa86c40000 - 0x00007ffa86c48000 	C:\Windows\System32\PSAPI.DLL
0x00007ffa7faf0000 - 0x00007ffa7faf9000 	C:\Windows\SYSTEM32\WSOCK32.dll
0x00007ffa88900000 - 0x00007ffa8896b000 	C:\Windows\System32\WS2_32.dll
0x00007ffa689b0000 - 0x00007ffa689d7000 	C:\Windows\SYSTEM32\WINMM.dll
0x00007ffa7b870000 - 0x00007ffa7b87a000 	C:\Windows\SYSTEM32\VERSION.dll
0x00007ffa83780000 - 0x00007ffa83792000 	C:\Windows\SYSTEM32\kernel.appcore.dll
0x00007ffa74c60000 - 0x00007ffa74c6a000 	C:\Users\2093114\.jdks\openjdk-17\bin\jimage.dll
0x00007ffa80ce0000 - 0x00007ffa80ec4000 	C:\Windows\SYSTEM32\DBGHELP.DLL
0x00007ffa6ec00000 - 0x00007ffa6ec2c000 	C:\Windows\SYSTEM32\dbgcore.DLL
0x00007ffa866b0000 - 0x00007ffa86733000 	C:\Windows\System32\bcryptPrimitives.dll
0x00007ffa747e0000 - 0x00007ffa747ee000 	C:\Users\2093114\.jdks\openjdk-17\bin\instrument.dll
0x00007ffa74250000 - 0x00007ffa74275000 	C:\Users\2093114\.jdks\openjdk-17\bin\java.dll
0x00007ffa72980000 - 0x00007ffa72a56000 	C:\Users\2093114\.jdks\openjdk-17\bin\svml.dll
0x00007ffa88190000 - 0x00007ffa888cf000 	C:\Windows\System32\SHELL32.dll
0x00007ffa83a70000 - 0x00007ffa84200000 	C:\Windows\SYSTEM32\windows.storage.dll
0x00007ffa876f0000 - 0x00007ffa87a45000 	C:\Windows\System32\combase.dll
0x00007ffa85b90000 - 0x00007ffa85bbc000 	C:\Windows\SYSTEM32\Wldp.dll
0x00007ffa87640000 - 0x00007ffa876ed000 	C:\Windows\System32\SHCORE.dll
0x00007ffa88130000 - 0x00007ffa88185000 	C:\Windows\System32\shlwapi.dll
0x00007ffa861d0000 - 0x00007ffa861ef000 	C:\Windows\SYSTEM32\profapi.dll
0x00007ffa72960000 - 0x00007ffa72978000 	C:\Users\2093114\.jdks\openjdk-17\bin\zip.dll
0x00007ffa72940000 - 0x00007ffa72959000 	C:\Users\2093114\.jdks\openjdk-17\bin\net.dll
0x00007ffa85230000 - 0x00007ffa85338000 	C:\Windows\SYSTEM32\WINHTTP.dll
0x00007ffa85910000 - 0x00007ffa8597a000 	C:\Windows\system32\mswsock.dll
0x00007ffa72920000 - 0x00007ffa72935000 	C:\Users\2093114\.jdks\openjdk-17\bin\nio.dll
0x00007ffa72900000 - 0x00007ffa7291a000 	C:\Users\2093114\AppData\Local\JetBrains\IntelliJ IDEA Community Edition 2021.1\bin\breakgen64.dll
0x00007ffa74780000 - 0x00007ffa74790000 	C:\Users\2093114\.jdks\openjdk-17\bin\verify.dll
0x00007ffa85bf0000 - 0x00007ffa85c08000 	C:\Windows\SYSTEM32\CRYPTSP.dll
0x00007ffa851a0000 - 0x00007ffa851d4000 	C:\Windows\system32\rsaenh.dll
0x00007ffa86340000 - 0x00007ffa86367000 	C:\Windows\System32\bcrypt.dll
0x00007ffa86190000 - 0x00007ffa861be000 	C:\Windows\SYSTEM32\USERENV.dll
0x00007ffa85aa0000 - 0x00007ffa85aac000 	C:\Windows\SYSTEM32\CRYPTBASE.dll
0x00007ffa85620000 - 0x00007ffa8565b000 	C:\Windows\SYSTEM32\IPHLPAPI.DLL
0x00007ffa88aa0000 - 0x00007ffa88aa8000 	C:\Windows\System32\NSI.dll
0x00007ffa772b0000 - 0x00007ffa772c7000 	C:\Windows\SYSTEM32\dhcpcsvc6.DLL
0x00007ffa773b0000 - 0x00007ffa773cd000 	C:\Windows\SYSTEM32\dhcpcsvc.DLL
0x00007ffa85660000 - 0x00007ffa8572c000 	C:\Windows\SYSTEM32\DNSAPI.dll
0x00007ffa72820000 - 0x00007ffa7282a000 	C:\Users\2093114\AppData\Local\Temp\jansi-1.17.1-982088267854619552.dll
0x00007ffa72810000 - 0x00007ffa7281a000 	C:\Users\2093114\AppData\Local\Temp\jansi-1.17.1-15580768639460860037.dll

dbghelp: loaded successfully - version: 4.0.5 - missing functions: none
symbol engine: initialized successfully - sym options: 0x614 - pdb path: .;C:\Users\2093114\.jdks\openjdk-17\bin;C:\Windows\SYSTEM32;C:\Windows\WinSxS\amd64_microsoft.windows.common-controls_6595b64144ccf1df_6.0.19041.1110_none_60b5254171f9507e;C:\Users\2093114\.jdks\openjdk-17\bin\server;C:\Users\2093114\AppData\Local\JetBrains\IntelliJ IDEA Community Edition 2021.1\bin;C:\Users\2093114\AppData\Local\Temp

VM Arguments:
jvm_args: -Dmaven.multiModuleProjectDirectory=C:\Users\2093114\java_workspace\user-service -Dmaven.home=C:\Users\2093114\AppData\Local\JetBrains\IntelliJ IDEA Community Edition 2021.1\plugins\maven\lib\maven3 -Dclassworlds.conf=C:\Users\2093114\AppData\Local\JetBrains\IntelliJ IDEA Community Edition 2021.1\plugins\maven\lib\maven3\bin\m2.conf -Dmaven.ext.class.path=C:\Users\2093114\AppData\Local\JetBrains\IntelliJ IDEA Community Edition 2021.1\plugins\maven\lib\maven-event-listener.jar -javaagent:C:\Users\2093114\AppData\Local\JetBrains\IntelliJ IDEA Community Edition 2021.1\lib\idea_rt.jar=58650:C:\Users\2093114\AppData\Local\JetBrains\IntelliJ IDEA Community Edition 2021.1\bin -Dfile.encoding=UTF-8 
java_command: org.codehaus.classworlds.Launcher -Didea.version=2021.1.3 install
java_class_path (initial): C:\Users\2093114\AppData\Local\JetBrains\IntelliJ IDEA Community Edition 2021.1\plugins\maven\lib\maven3\boot\plexus-classworlds-2.6.0.jar;C:\Users\2093114\AppData\Local\JetBrains\IntelliJ IDEA Community Edition 2021.1\plugins\maven\lib\maven3\boot\plexus-classworlds.license
Launcher Type: SUN_STANDARD

[Global flags]
     intx CICompilerCount                          = 4                                         {product} {ergonomic}
     uint ConcGCThreads                            = 2                                         {product} {ergonomic}
     uint G1ConcRefinementThreads                  = 8                                         {product} {ergonomic}
   size_t G1HeapRegionSize                         = 2097152                                   {product} {ergonomic}
    uintx GCDrainStackTargetSize                   = 64                                        {product} {ergonomic}
   size_t InitialHeapSize                          = 266338304                                 {product} {ergonomic}
   size_t MarkStackSize                            = 4194304                                   {product} {ergonomic}
   size_t MaxHeapSize                              = 4240441344                                {product} {ergonomic}
   size_t MaxNewSize                               = 2543845376                                {product} {ergonomic}
   size_t MinHeapDeltaBytes                        = 2097152                                   {product} {ergonomic}
   size_t MinHeapSize                              = 8388608                                   {product} {ergonomic}
    uintx NonNMethodCodeHeapSize                   = 5839372                                {pd product} {ergonomic}
    uintx NonProfiledCodeHeapSize                  = 122909434                              {pd product} {ergonomic}
    uintx ProfiledCodeHeapSize                     = 122909434                              {pd product} {ergonomic}
    uintx ReservedCodeCacheSize                    = 251658240                              {pd product} {ergonomic}
     bool SegmentedCodeCache                       = true                                      {product} {ergonomic}
   size_t SoftMaxHeapSize                          = 4240441344                             {manageable} {ergonomic}
     bool UseCompressedClassPointers               = true                           {product lp64_product} {ergonomic}
     bool UseCompressedOops                        = true                           {product lp64_product} {ergonomic}
     bool UseG1GC                                  = true                                      {product} {ergonomic}
     bool UseLargePagesIndividualAllocation        = false                                  {pd product} {ergonomic}

Logging:
Log output configuration:
 #0: stdout all=warning uptime,level,tags
 #1: stderr all=off uptime,level,tags

Environment Variables:
JAVA_HOME=C:\Users\2093114\.jdks\openjdk-17
PATH=C:\Program Files (x86)\RSA SecurID Token Common;C:\Program Files\RSA SecurID Token Common;C:\Windows\system32;C:\Windows;C:\Windows\System32\Wbem;C:\Windows\System32\WindowsPowerShell\v1.0\;C:\Windows\System32\OpenSSH\;C:\Program Files\Docker\Docker\resources\bin;C:\ProgramData\DockerDesktop\version-bin;C:\Users\2093114\AppData\Local\Microsoft\WindowsApps;C:\Users\2093114\.jdks\openjdk-17\bin;C:\Users\2093114\AppData\Local\Programs\Git\cmd;C:\Users\2093114\AppData\Local\Programs\Microsoft VS Code\bin
USERNAME=2093114
OS=Windows_NT
PROCESSOR_IDENTIFIER=Intel64 Family 6 Model 142 Stepping 12, GenuineIntel



---------------  S Y S T E M  ---------------

OS:
 Windows 10 , 64 bit Build 19041 (10.0.19041.1202)
OS uptime: 0 days 0:24 hours
Hyper-V role detected

CPU: total 8 (initial active 8) (4 cores per cpu, 2 threads per core) family 6 model 142 stepping 12 microcode 0xca, cx8, cmov, fxsr, ht, mmx, 3dnowpref, sse, sse2, sse3, ssse3, sse4.1, sse4.2, popcnt, lzcnt, tsc, tscinvbit, avx, avx2, aes, erms, clmul, bmi1, bmi2, adx, fma, vzeroupper, clflush, clflushopt, hv

Memory: 4k page, system-wide physical 16172M (4774M free)
TotalPageFile size 26924M (AvailPageFile size 14211M)
current process WorkingSet (physical memory assigned to process): 267M, peak: 267M
current process commit charge ("private bytes"): 397M, peak: 398M

vm_info: OpenJDK 64-Bit Server VM (17+35-2724) for windows-amd64 JRE (17+35-2724), built on Aug  5 2021 23:26:02 by "mach5one" with MS VC++ 16.8 (VS2019)

END.
